<?xml version="1.0" encoding="UTF-8"?>
<!-- Generated by org.testng.reporters.JUnitXMLReporter -->
<testsuite ignored="2" hostname="LAPTOP-3MVTQCKB" failures="0" tests="3" name=" Groups Concepts" time="0.068" errors="0" timestamp="23 Feb 2021 01:03:53 GMT">
  <testcase classname="testNG.TestNGgroups" name="testFive" time="0.024"/>
  <testcase classname="testNG.TestNGgroups" name="testFour" time="0.002"/>
  <testcase classname="testNG.TestNGgroups" name="testThree" time="0.001"/>
  <testcase classname="testNG.TestNGgroups" name="testTwo" time="0.0">
    <ignored/>
  </testcase> <!-- testTwo -->
  <testcase classname="testNG.TestNGgroups" name="test" time="0.0">
    <ignored/>
  </testcase> <!-- test -->
</testsuite> <!--  Groups Concepts -->
